  [1m[35m (67.2ms)[0m  [1m[35mCREATE TABLE "schema_migrations" ("version" character varying NOT NULL PRIMARY KEY)[0m
  [1m[35m (45.8ms)[0m  [1m[35mCREATE TABLE "ar_internal_metadata" ("key" character varying NOT NULL PRIMARY KEY, "value" character varying, "created_at" timestamp NOT NULL, "updated_at" timestamp NOT NULL)[0m
  [1m[35m (0.4ms)[0m  [1m[34mSELECT pg_try_advisory_lock(1196397824940587850)[0m
  [1m[35m (0.9ms)[0m  [1m[34mSELECT "schema_migrations"."version" FROM "schema_migrations" ORDER BY "schema_migrations"."version" ASC[0m
Migrating to CreateUsers (20170807232439)
  [1m[35m (0.4ms)[0m  [1m[34mSELECT pg_advisory_unlock(1196397824940587850)[0m
  [1m[35m (0.2ms)[0m  [1m[34mSELECT pg_try_advisory_lock(1196397824940587850)[0m
  [1m[35m (0.6ms)[0m  [1m[34mSELECT "schema_migrations"."version" FROM "schema_migrations" ORDER BY "schema_migrations"."version" ASC[0m
Migrating to CreateUsers (20170807232439)
  [1m[35m (0.3ms)[0m  [1m[34mSELECT pg_advisory_unlock(1196397824940587850)[0m
  [1m[35m (0.3ms)[0m  [1m[34mSELECT pg_try_advisory_lock(1196397824940587850)[0m
  [1m[35m (0.6ms)[0m  [1m[34mSELECT "schema_migrations"."version" FROM "schema_migrations" ORDER BY "schema_migrations"."version" ASC[0m
Migrating to CreateUsers (20170807232439)
  [1m[35m (0.3ms)[0m  [1m[35mBEGIN[0m
  [1m[35m (46.8ms)[0m  [1m[35mCREATE TABLE "users" ("id" bigserial primary key, "first_name" text, "last_name" text, "user_id" text, "email" text, "password_digest" text, "created_at" timestamp NOT NULL, "updated_at" timestamp NOT NULL)[0m
  [1m[35mSQL (0.5ms)[0m  [1m[32mINSERT INTO "schema_migrations" ("version") VALUES ($1) RETURNING "version"[0m  [["version", "20170807232439"]]
  [1m[35m (1.2ms)[0m  [1m[35mCOMMIT[0m
  [1m[36mActiveRecord::InternalMetadata Load (0.4ms)[0m  [1m[34mSELECT  "ar_internal_metadata".* FROM "ar_internal_metadata" WHERE "ar_internal_metadata"."key" = $1 LIMIT $2[0m  [["key", "environment"], ["LIMIT", 1]]
  [1m[35m (0.2ms)[0m  [1m[35mBEGIN[0m
  [1m[35mSQL (0.5ms)[0m  [1m[32mINSERT INTO "ar_internal_metadata" ("key", "value", "created_at", "updated_at") VALUES ($1, $2, $3, $4) RETURNING "key"[0m  [["key", "environment"], ["value", "development"], ["created_at", "2017-08-07 23:55:16.008269"], ["updated_at", "2017-08-07 23:55:16.008269"]]
  [1m[35m (0.5ms)[0m  [1m[35mCOMMIT[0m
  [1m[35m (0.2ms)[0m  [1m[34mSELECT pg_advisory_unlock(1196397824940587850)[0m
  [1m[35m (0.7ms)[0m  [1m[34mSELECT "schema_migrations"."version" FROM "schema_migrations" ORDER BY "schema_migrations"."version" ASC[0m
Started GET "/" for 127.0.0.1 at 2017-08-09 14:54:07 -0700
  [1m[35m (0.9ms)[0m  [1m[34mSELECT "schema_migrations"."version" FROM "schema_migrations" ORDER BY "schema_migrations"."version" ASC[0m
  
ActionController::RoutingError (uninitialized constant LandingPagesController):
  
activesupport (5.1.3) lib/active_support/inflector/methods.rb:269:in `const_get'
activesupport (5.1.3) lib/active_support/inflector/methods.rb:269:in `block in constantize'
activesupport (5.1.3) lib/active_support/inflector/methods.rb:267:in `each'
activesupport (5.1.3) lib/active_support/inflector/methods.rb:267:in `inject'
activesupport (5.1.3) lib/active_support/inflector/methods.rb:267:in `constantize'
actionpack (5.1.3) lib/action_dispatch/http/request.rb:82:in `controller_class'
actionpack (5.1.3) lib/action_dispatch/routing/route_set.rb:43:in `controller'
actionpack (5.1.3) lib/action_dispatch/routing/route_set.rb:29:in `serve'
actionpack (5.1.3) lib/action_dispatch/journey/router.rb:46:in `block in serve'
actionpack (5.1.3) lib/action_dispatch/journey/router.rb:33:in `each'
actionpack (5.1.3) lib/action_dispatch/journey/router.rb:33:in `serve'
actionpack (5.1.3) lib/action_dispatch/routing/route_set.rb:834:in `call'
rack (2.0.3) lib/rack/etag.rb:25:in `call'
rack (2.0.3) lib/rack/conditional_get.rb:25:in `call'
rack (2.0.3) lib/rack/head.rb:12:in `call'
rack (2.0.3) lib/rack/session/abstract/id.rb:232:in `context'
rack (2.0.3) lib/rack/session/abstract/id.rb:226:in `call'
actionpack (5.1.3) lib/action_dispatch/middleware/cookies.rb:613:in `call'
activerecord (5.1.3) lib/active_record/migration.rb:556:in `call'
actionpack (5.1.3) lib/action_dispatch/middleware/callbacks.rb:26:in `block in call'
activesupport (5.1.3) lib/active_support/callbacks.rb:97:in `run_callbacks'
actionpack (5.1.3) lib/action_dispatch/middleware/callbacks.rb:24:in `call'
actionpack (5.1.3) lib/action_dispatch/middleware/executor.rb:12:in `call'
actionpack (5.1.3) lib/action_dispatch/middleware/debug_exceptions.rb:59:in `call'
web-console (3.5.1) lib/web_console/middleware.rb:135:in `call_app'
web-console (3.5.1) lib/web_console/middleware.rb:28:in `block in call'
web-console (3.5.1) lib/web_console/middleware.rb:18:in `catch'
web-console (3.5.1) lib/web_console/middleware.rb:18:in `call'
actionpack (5.1.3) lib/action_dispatch/middleware/show_exceptions.rb:31:in `call'
railties (5.1.3) lib/rails/rack/logger.rb:36:in `call_app'
railties (5.1.3) lib/rails/rack/logger.rb:24:in `block in call'
activesupport (5.1.3) lib/active_support/tagged_logging.rb:69:in `block in tagged'
activesupport (5.1.3) lib/active_support/tagged_logging.rb:26:in `tagged'
activesupport (5.1.3) lib/active_support/tagged_logging.rb:69:in `tagged'
railties (5.1.3) lib/rails/rack/logger.rb:24:in `call'
sprockets-rails (3.2.0) lib/sprockets/rails/quiet_assets.rb:13:in `call'
actionpack (5.1.3) lib/action_dispatch/middleware/remote_ip.rb:79:in `call'
actionpack (5.1.3) lib/action_dispatch/middleware/request_id.rb:25:in `call'
rack (2.0.3) lib/rack/method_override.rb:22:in `call'
rack (2.0.3) lib/rack/runtime.rb:22:in `call'
activesupport (5.1.3) lib/active_support/cache/strategy/local_cache_middleware.rb:27:in `call'
actionpack (5.1.3) lib/action_dispatch/middleware/executor.rb:12:in `call'
actionpack (5.1.3) lib/action_dispatch/middleware/static.rb:125:in `call'
rack (2.0.3) lib/rack/sendfile.rb:111:in `call'
railties (5.1.3) lib/rails/engine.rb:522:in `call'
puma (3.9.1) lib/puma/configuration.rb:224:in `call'
puma (3.9.1) lib/puma/server.rb:602:in `handle_request'
puma (3.9.1) lib/puma/server.rb:435:in `process_client'
puma (3.9.1) lib/puma/server.rb:299:in `block in run'
puma (3.9.1) lib/puma/thread_pool.rb:120:in `block in spawn_thread'
Started GET "/" for 127.0.0.1 at 2017-08-09 14:54:27 -0700
  
ActionController::RoutingError (uninitialized constant LandingPagesController):
  
activesupport (5.1.3) lib/active_support/inflector/methods.rb:269:in `const_get'
activesupport (5.1.3) lib/active_support/inflector/methods.rb:269:in `block in constantize'
activesupport (5.1.3) lib/active_support/inflector/methods.rb:267:in `each'
activesupport (5.1.3) lib/active_support/inflector/methods.rb:267:in `inject'
activesupport (5.1.3) lib/active_support/inflector/methods.rb:267:in `constantize'
actionpack (5.1.3) lib/action_dispatch/http/request.rb:82:in `controller_class'
actionpack (5.1.3) lib/action_dispatch/routing/route_set.rb:43:in `controller'
actionpack (5.1.3) lib/action_dispatch/routing/route_set.rb:29:in `serve'
actionpack (5.1.3) lib/action_dispatch/journey/router.rb:46:in `block in serve'
actionpack (5.1.3) lib/action_dispatch/journey/router.rb:33:in `each'
actionpack (5.1.3) lib/action_dispatch/journey/router.rb:33:in `serve'
actionpack (5.1.3) lib/action_dispatch/routing/route_set.rb:834:in `call'
rack (2.0.3) lib/rack/etag.rb:25:in `call'
rack (2.0.3) lib/rack/conditional_get.rb:25:in `call'
rack (2.0.3) lib/rack/head.rb:12:in `call'
rack (2.0.3) lib/rack/session/abstract/id.rb:232:in `context'
rack (2.0.3) lib/rack/session/abstract/id.rb:226:in `call'
actionpack (5.1.3) lib/action_dispatch/middleware/cookies.rb:613:in `call'
activerecord (5.1.3) lib/active_record/migration.rb:556:in `call'
actionpack (5.1.3) lib/action_dispatch/middleware/callbacks.rb:26:in `block in call'
activesupport (5.1.3) lib/active_support/callbacks.rb:97:in `run_callbacks'
actionpack (5.1.3) lib/action_dispatch/middleware/callbacks.rb:24:in `call'
actionpack (5.1.3) lib/action_dispatch/middleware/executor.rb:12:in `call'
actionpack (5.1.3) lib/action_dispatch/middleware/debug_exceptions.rb:59:in `call'
web-console (3.5.1) lib/web_console/middleware.rb:135:in `call_app'
web-console (3.5.1) lib/web_console/middleware.rb:28:in `block in call'
web-console (3.5.1) lib/web_console/middleware.rb:18:in `catch'
web-console (3.5.1) lib/web_console/middleware.rb:18:in `call'
actionpack (5.1.3) lib/action_dispatch/middleware/show_exceptions.rb:31:in `call'
railties (5.1.3) lib/rails/rack/logger.rb:36:in `call_app'
railties (5.1.3) lib/rails/rack/logger.rb:24:in `block in call'
activesupport (5.1.3) lib/active_support/tagged_logging.rb:69:in `block in tagged'
activesupport (5.1.3) lib/active_support/tagged_logging.rb:26:in `tagged'
activesupport (5.1.3) lib/active_support/tagged_logging.rb:69:in `tagged'
railties (5.1.3) lib/rails/rack/logger.rb:24:in `call'
sprockets-rails (3.2.0) lib/sprockets/rails/quiet_assets.rb:13:in `call'
actionpack (5.1.3) lib/action_dispatch/middleware/remote_ip.rb:79:in `call'
actionpack (5.1.3) lib/action_dispatch/middleware/request_id.rb:25:in `call'
rack (2.0.3) lib/rack/method_override.rb:22:in `call'
rack (2.0.3) lib/rack/runtime.rb:22:in `call'
activesupport (5.1.3) lib/active_support/cache/strategy/local_cache_middleware.rb:27:in `call'
actionpack (5.1.3) lib/action_dispatch/middleware/executor.rb:12:in `call'
actionpack (5.1.3) lib/action_dispatch/middleware/static.rb:125:in `call'
rack (2.0.3) lib/rack/sendfile.rb:111:in `call'
railties (5.1.3) lib/rails/engine.rb:522:in `call'
puma (3.9.1) lib/puma/configuration.rb:224:in `call'
puma (3.9.1) lib/puma/server.rb:602:in `handle_request'
puma (3.9.1) lib/puma/server.rb:435:in `process_client'
puma (3.9.1) lib/puma/server.rb:299:in `block in run'
puma (3.9.1) lib/puma/thread_pool.rb:120:in `block in spawn_thread'
Started GET "/" for 127.0.0.1 at 2017-08-09 14:57:14 -0700
  
ActionController::RoutingError (uninitialized constant LandingPagesController):
  
activesupport (5.1.3) lib/active_support/inflector/methods.rb:269:in `const_get'
activesupport (5.1.3) lib/active_support/inflector/methods.rb:269:in `block in constantize'
activesupport (5.1.3) lib/active_support/inflector/methods.rb:267:in `each'
activesupport (5.1.3) lib/active_support/inflector/methods.rb:267:in `inject'
activesupport (5.1.3) lib/active_support/inflector/methods.rb:267:in `constantize'
actionpack (5.1.3) lib/action_dispatch/http/request.rb:82:in `controller_class'
actionpack (5.1.3) lib/action_dispatch/routing/route_set.rb:43:in `controller'
actionpack (5.1.3) lib/action_dispatch/routing/route_set.rb:29:in `serve'
actionpack (5.1.3) lib/action_dispatch/journey/router.rb:46:in `block in serve'
actionpack (5.1.3) lib/action_dispatch/journey/router.rb:33:in `each'
actionpack (5.1.3) lib/action_dispatch/journey/router.rb:33:in `serve'
actionpack (5.1.3) lib/action_dispatch/routing/route_set.rb:834:in `call'
rack (2.0.3) lib/rack/etag.rb:25:in `call'
rack (2.0.3) lib/rack/conditional_get.rb:25:in `call'
rack (2.0.3) lib/rack/head.rb:12:in `call'
rack (2.0.3) lib/rack/session/abstract/id.rb:232:in `context'
rack (2.0.3) lib/rack/session/abstract/id.rb:226:in `call'
actionpack (5.1.3) lib/action_dispatch/middleware/cookies.rb:613:in `call'
activerecord (5.1.3) lib/active_record/migration.rb:556:in `call'
actionpack (5.1.3) lib/action_dispatch/middleware/callbacks.rb:26:in `block in call'
activesupport (5.1.3) lib/active_support/callbacks.rb:97:in `run_callbacks'
actionpack (5.1.3) lib/action_dispatch/middleware/callbacks.rb:24:in `call'
actionpack (5.1.3) lib/action_dispatch/middleware/executor.rb:12:in `call'
actionpack (5.1.3) lib/action_dispatch/middleware/debug_exceptions.rb:59:in `call'
web-console (3.5.1) lib/web_console/middleware.rb:135:in `call_app'
web-console (3.5.1) lib/web_console/middleware.rb:28:in `block in call'
web-console (3.5.1) lib/web_console/middleware.rb:18:in `catch'
web-console (3.5.1) lib/web_console/middleware.rb:18:in `call'
actionpack (5.1.3) lib/action_dispatch/middleware/show_exceptions.rb:31:in `call'
railties (5.1.3) lib/rails/rack/logger.rb:36:in `call_app'
railties (5.1.3) lib/rails/rack/logger.rb:24:in `block in call'
activesupport (5.1.3) lib/active_support/tagged_logging.rb:69:in `block in tagged'
activesupport (5.1.3) lib/active_support/tagged_logging.rb:26:in `tagged'
activesupport (5.1.3) lib/active_support/tagged_logging.rb:69:in `tagged'
railties (5.1.3) lib/rails/rack/logger.rb:24:in `call'
sprockets-rails (3.2.0) lib/sprockets/rails/quiet_assets.rb:13:in `call'
actionpack (5.1.3) lib/action_dispatch/middleware/remote_ip.rb:79:in `call'
actionpack (5.1.3) lib/action_dispatch/middleware/request_id.rb:25:in `call'
rack (2.0.3) lib/rack/method_override.rb:22:in `call'
rack (2.0.3) lib/rack/runtime.rb:22:in `call'
activesupport (5.1.3) lib/active_support/cache/strategy/local_cache_middleware.rb:27:in `call'
actionpack (5.1.3) lib/action_dispatch/middleware/executor.rb:12:in `call'
actionpack (5.1.3) lib/action_dispatch/middleware/static.rb:125:in `call'
rack (2.0.3) lib/rack/sendfile.rb:111:in `call'
railties (5.1.3) lib/rails/engine.rb:522:in `call'
puma (3.9.1) lib/puma/configuration.rb:224:in `call'
puma (3.9.1) lib/puma/server.rb:602:in `handle_request'
puma (3.9.1) lib/puma/server.rb:435:in `process_client'
puma (3.9.1) lib/puma/server.rb:299:in `block in run'
puma (3.9.1) lib/puma/thread_pool.rb:120:in `block in spawn_thread'
Started GET "/favicon.ico" for 127.0.0.1 at 2017-08-09 14:57:25 -0700
  
ActionController::RoutingError (No route matches [GET] "/favicon.ico"):
  
actionpack (5.1.3) lib/action_dispatch/middleware/debug_exceptions.rb:63:in `call'
web-console (3.5.1) lib/web_console/middleware.rb:135:in `call_app'
web-console (3.5.1) lib/web_console/middleware.rb:28:in `block in call'
web-console (3.5.1) lib/web_console/middleware.rb:18:in `catch'
web-console (3.5.1) lib/web_console/middleware.rb:18:in `call'
actionpack (5.1.3) lib/action_dispatch/middleware/show_exceptions.rb:31:in `call'
railties (5.1.3) lib/rails/rack/logger.rb:36:in `call_app'
railties (5.1.3) lib/rails/rack/logger.rb:24:in `block in call'
activesupport (5.1.3) lib/active_support/tagged_logging.rb:69:in `block in tagged'
activesupport (5.1.3) lib/active_support/tagged_logging.rb:26:in `tagged'
activesupport (5.1.3) lib/active_support/tagged_logging.rb:69:in `tagged'
railties (5.1.3) lib/rails/rack/logger.rb:24:in `call'
sprockets-rails (3.2.0) lib/sprockets/rails/quiet_assets.rb:13:in `call'
actionpack (5.1.3) lib/action_dispatch/middleware/remote_ip.rb:79:in `call'
actionpack (5.1.3) lib/action_dispatch/middleware/request_id.rb:25:in `call'
rack (2.0.3) lib/rack/method_override.rb:22:in `call'
rack (2.0.3) lib/rack/runtime.rb:22:in `call'
activesupport (5.1.3) lib/active_support/cache/strategy/local_cache_middleware.rb:27:in `call'
actionpack (5.1.3) lib/action_dispatch/middleware/executor.rb:12:in `call'
actionpack (5.1.3) lib/action_dispatch/middleware/static.rb:125:in `call'
rack (2.0.3) lib/rack/sendfile.rb:111:in `call'
railties (5.1.3) lib/rails/engine.rb:522:in `call'
puma (3.9.1) lib/puma/configuration.rb:224:in `call'
puma (3.9.1) lib/puma/server.rb:602:in `handle_request'
puma (3.9.1) lib/puma/server.rb:435:in `process_client'
puma (3.9.1) lib/puma/server.rb:299:in `block in run'
puma (3.9.1) lib/puma/thread_pool.rb:120:in `block in spawn_thread'
Started GET "/" for 127.0.0.1 at 2017-08-09 14:58:03 -0700
  
ActionController::RoutingError (uninitialized constant LandingPagesController):
  
activesupport (5.1.3) lib/active_support/inflector/methods.rb:269:in `const_get'
activesupport (5.1.3) lib/active_support/inflector/methods.rb:269:in `block in constantize'
activesupport (5.1.3) lib/active_support/inflector/methods.rb:267:in `each'
activesupport (5.1.3) lib/active_support/inflector/methods.rb:267:in `inject'
activesupport (5.1.3) lib/active_support/inflector/methods.rb:267:in `constantize'
actionpack (5.1.3) lib/action_dispatch/http/request.rb:82:in `controller_class'
actionpack (5.1.3) lib/action_dispatch/routing/route_set.rb:43:in `controller'
actionpack (5.1.3) lib/action_dispatch/routing/route_set.rb:29:in `serve'
actionpack (5.1.3) lib/action_dispatch/journey/router.rb:46:in `block in serve'
actionpack (5.1.3) lib/action_dispatch/journey/router.rb:33:in `each'
actionpack (5.1.3) lib/action_dispatch/journey/router.rb:33:in `serve'
actionpack (5.1.3) lib/action_dispatch/routing/route_set.rb:834:in `call'
rack (2.0.3) lib/rack/etag.rb:25:in `call'
rack (2.0.3) lib/rack/conditional_get.rb:25:in `call'
rack (2.0.3) lib/rack/head.rb:12:in `call'
rack (2.0.3) lib/rack/session/abstract/id.rb:232:in `context'
rack (2.0.3) lib/rack/session/abstract/id.rb:226:in `call'
actionpack (5.1.3) lib/action_dispatch/middleware/cookies.rb:613:in `call'
activerecord (5.1.3) lib/active_record/migration.rb:556:in `call'
actionpack (5.1.3) lib/action_dispatch/middleware/callbacks.rb:26:in `block in call'
activesupport (5.1.3) lib/active_support/callbacks.rb:97:in `run_callbacks'
actionpack (5.1.3) lib/action_dispatch/middleware/callbacks.rb:24:in `call'
actionpack (5.1.3) lib/action_dispatch/middleware/executor.rb:12:in `call'
actionpack (5.1.3) lib/action_dispatch/middleware/debug_exceptions.rb:59:in `call'
web-console (3.5.1) lib/web_console/middleware.rb:135:in `call_app'
web-console (3.5.1) lib/web_console/middleware.rb:28:in `block in call'
web-console (3.5.1) lib/web_console/middleware.rb:18:in `catch'
web-console (3.5.1) lib/web_console/middleware.rb:18:in `call'
actionpack (5.1.3) lib/action_dispatch/middleware/show_exceptions.rb:31:in `call'
railties (5.1.3) lib/rails/rack/logger.rb:36:in `call_app'
railties (5.1.3) lib/rails/rack/logger.rb:24:in `block in call'
activesupport (5.1.3) lib/active_support/tagged_logging.rb:69:in `block in tagged'
activesupport (5.1.3) lib/active_support/tagged_logging.rb:26:in `tagged'
activesupport (5.1.3) lib/active_support/tagged_logging.rb:69:in `tagged'
railties (5.1.3) lib/rails/rack/logger.rb:24:in `call'
sprockets-rails (3.2.0) lib/sprockets/rails/quiet_assets.rb:13:in `call'
actionpack (5.1.3) lib/action_dispatch/middleware/remote_ip.rb:79:in `call'
actionpack (5.1.3) lib/action_dispatch/middleware/request_id.rb:25:in `call'
rack (2.0.3) lib/rack/method_override.rb:22:in `call'
rack (2.0.3) lib/rack/runtime.rb:22:in `call'
activesupport (5.1.3) lib/active_support/cache/strategy/local_cache_middleware.rb:27:in `call'
actionpack (5.1.3) lib/action_dispatch/middleware/executor.rb:12:in `call'
actionpack (5.1.3) lib/action_dispatch/middleware/static.rb:125:in `call'
rack (2.0.3) lib/rack/sendfile.rb:111:in `call'
railties (5.1.3) lib/rails/engine.rb:522:in `call'
puma (3.9.1) lib/puma/configuration.rb:224:in `call'
puma (3.9.1) lib/puma/server.rb:602:in `handle_request'
puma (3.9.1) lib/puma/server.rb:435:in `process_client'
puma (3.9.1) lib/puma/server.rb:299:in `block in run'
puma (3.9.1) lib/puma/thread_pool.rb:120:in `block in spawn_thread'
Started GET "/" for 127.0.0.1 at 2017-08-09 14:59:00 -0700
  
ActionController::RoutingError (uninitialized constant LandingPagesController):
  
activesupport (5.1.3) lib/active_support/inflector/methods.rb:269:in `const_get'
activesupport (5.1.3) lib/active_support/inflector/methods.rb:269:in `block in constantize'
activesupport (5.1.3) lib/active_support/inflector/methods.rb:267:in `each'
activesupport (5.1.3) lib/active_support/inflector/methods.rb:267:in `inject'
activesupport (5.1.3) lib/active_support/inflector/methods.rb:267:in `constantize'
actionpack (5.1.3) lib/action_dispatch/http/request.rb:82:in `controller_class'
actionpack (5.1.3) lib/action_dispatch/routing/route_set.rb:43:in `controller'
actionpack (5.1.3) lib/action_dispatch/routing/route_set.rb:29:in `serve'
actionpack (5.1.3) lib/action_dispatch/journey/router.rb:46:in `block in serve'
actionpack (5.1.3) lib/action_dispatch/journey/router.rb:33:in `each'
actionpack (5.1.3) lib/action_dispatch/journey/router.rb:33:in `serve'
actionpack (5.1.3) lib/action_dispatch/routing/route_set.rb:834:in `call'
rack (2.0.3) lib/rack/etag.rb:25:in `call'
rack (2.0.3) lib/rack/conditional_get.rb:25:in `call'
rack (2.0.3) lib/rack/head.rb:12:in `call'
rack (2.0.3) lib/rack/session/abstract/id.rb:232:in `context'
rack (2.0.3) lib/rack/session/abstract/id.rb:226:in `call'
actionpack (5.1.3) lib/action_dispatch/middleware/cookies.rb:613:in `call'
activerecord (5.1.3) lib/active_record/migration.rb:556:in `call'
actionpack (5.1.3) lib/action_dispatch/middleware/callbacks.rb:26:in `block in call'
activesupport (5.1.3) lib/active_support/callbacks.rb:97:in `run_callbacks'
actionpack (5.1.3) lib/action_dispatch/middleware/callbacks.rb:24:in `call'
actionpack (5.1.3) lib/action_dispatch/middleware/executor.rb:12:in `call'
actionpack (5.1.3) lib/action_dispatch/middleware/debug_exceptions.rb:59:in `call'
web-console (3.5.1) lib/web_console/middleware.rb:135:in `call_app'
web-console (3.5.1) lib/web_console/middleware.rb:28:in `block in call'
web-console (3.5.1) lib/web_console/middleware.rb:18:in `catch'
web-console (3.5.1) lib/web_console/middleware.rb:18:in `call'
actionpack (5.1.3) lib/action_dispatch/middleware/show_exceptions.rb:31:in `call'
railties (5.1.3) lib/rails/rack/logger.rb:36:in `call_app'
railties (5.1.3) lib/rails/rack/logger.rb:24:in `block in call'
activesupport (5.1.3) lib/active_support/tagged_logging.rb:69:in `block in tagged'
activesupport (5.1.3) lib/active_support/tagged_logging.rb:26:in `tagged'
activesupport (5.1.3) lib/active_support/tagged_logging.rb:69:in `tagged'
railties (5.1.3) lib/rails/rack/logger.rb:24:in `call'
sprockets-rails (3.2.0) lib/sprockets/rails/quiet_assets.rb:13:in `call'
actionpack (5.1.3) lib/action_dispatch/middleware/remote_ip.rb:79:in `call'
actionpack (5.1.3) lib/action_dispatch/middleware/request_id.rb:25:in `call'
rack (2.0.3) lib/rack/method_override.rb:22:in `call'
rack (2.0.3) lib/rack/runtime.rb:22:in `call'
activesupport (5.1.3) lib/active_support/cache/strategy/local_cache_middleware.rb:27:in `call'
actionpack (5.1.3) lib/action_dispatch/middleware/executor.rb:12:in `call'
actionpack (5.1.3) lib/action_dispatch/middleware/static.rb:125:in `call'
rack (2.0.3) lib/rack/sendfile.rb:111:in `call'
railties (5.1.3) lib/rails/engine.rb:522:in `call'
puma (3.9.1) lib/puma/configuration.rb:224:in `call'
puma (3.9.1) lib/puma/server.rb:602:in `handle_request'
puma (3.9.1) lib/puma/server.rb:435:in `process_client'
puma (3.9.1) lib/puma/server.rb:299:in `block in run'
puma (3.9.1) lib/puma/thread_pool.rb:120:in `block in spawn_thread'
Started GET "/" for 127.0.0.1 at 2017-08-09 15:02:07 -0700
  
ActionController::RoutingError (uninitialized constant LandingPagesController):
  
activesupport (5.1.3) lib/active_support/inflector/methods.rb:269:in `const_get'
activesupport (5.1.3) lib/active_support/inflector/methods.rb:269:in `block in constantize'
activesupport (5.1.3) lib/active_support/inflector/methods.rb:267:in `each'
activesupport (5.1.3) lib/active_support/inflector/methods.rb:267:in `inject'
activesupport (5.1.3) lib/active_support/inflector/methods.rb:267:in `constantize'
actionpack (5.1.3) lib/action_dispatch/http/request.rb:82:in `controller_class'
actionpack (5.1.3) lib/action_dispatch/routing/route_set.rb:43:in `controller'
actionpack (5.1.3) lib/action_dispatch/routing/route_set.rb:29:in `serve'
actionpack (5.1.3) lib/action_dispatch/journey/router.rb:46:in `block in serve'
actionpack (5.1.3) lib/action_dispatch/journey/router.rb:33:in `each'
actionpack (5.1.3) lib/action_dispatch/journey/router.rb:33:in `serve'
actionpack (5.1.3) lib/action_dispatch/routing/route_set.rb:834:in `call'
rack (2.0.3) lib/rack/etag.rb:25:in `call'
rack (2.0.3) lib/rack/conditional_get.rb:25:in `call'
rack (2.0.3) lib/rack/head.rb:12:in `call'
rack (2.0.3) lib/rack/session/abstract/id.rb:232:in `context'
rack (2.0.3) lib/rack/session/abstract/id.rb:226:in `call'
actionpack (5.1.3) lib/action_dispatch/middleware/cookies.rb:613:in `call'
activerecord (5.1.3) lib/active_record/migration.rb:556:in `call'
actionpack (5.1.3) lib/action_dispatch/middleware/callbacks.rb:26:in `block in call'
activesupport (5.1.3) lib/active_support/callbacks.rb:97:in `run_callbacks'
actionpack (5.1.3) lib/action_dispatch/middleware/callbacks.rb:24:in `call'
actionpack (5.1.3) lib/action_dispatch/middleware/executor.rb:12:in `call'
actionpack (5.1.3) lib/action_dispatch/middleware/debug_exceptions.rb:59:in `call'
web-console (3.5.1) lib/web_console/middleware.rb:135:in `call_app'
web-console (3.5.1) lib/web_console/middleware.rb:28:in `block in call'
web-console (3.5.1) lib/web_console/middleware.rb:18:in `catch'
web-console (3.5.1) lib/web_console/middleware.rb:18:in `call'
actionpack (5.1.3) lib/action_dispatch/middleware/show_exceptions.rb:31:in `call'
railties (5.1.3) lib/rails/rack/logger.rb:36:in `call_app'
railties (5.1.3) lib/rails/rack/logger.rb:24:in `block in call'
activesupport (5.1.3) lib/active_support/tagged_logging.rb:69:in `block in tagged'
activesupport (5.1.3) lib/active_support/tagged_logging.rb:26:in `tagged'
activesupport (5.1.3) lib/active_support/tagged_logging.rb:69:in `tagged'
railties (5.1.3) lib/rails/rack/logger.rb:24:in `call'
sprockets-rails (3.2.0) lib/sprockets/rails/quiet_assets.rb:13:in `call'
actionpack (5.1.3) lib/action_dispatch/middleware/remote_ip.rb:79:in `call'
actionpack (5.1.3) lib/action_dispatch/middleware/request_id.rb:25:in `call'
rack (2.0.3) lib/rack/method_override.rb:22:in `call'
rack (2.0.3) lib/rack/runtime.rb:22:in `call'
activesupport (5.1.3) lib/active_support/cache/strategy/local_cache_middleware.rb:27:in `call'
actionpack (5.1.3) lib/action_dispatch/middleware/executor.rb:12:in `call'
actionpack (5.1.3) lib/action_dispatch/middleware/static.rb:125:in `call'
rack (2.0.3) lib/rack/sendfile.rb:111:in `call'
railties (5.1.3) lib/rails/engine.rb:522:in `call'
puma (3.9.1) lib/puma/configuration.rb:224:in `call'
puma (3.9.1) lib/puma/server.rb:602:in `handle_request'
puma (3.9.1) lib/puma/server.rb:435:in `process_client'
puma (3.9.1) lib/puma/server.rb:299:in `block in run'
puma (3.9.1) lib/puma/thread_pool.rb:120:in `block in spawn_thread'
Started GET "/register" for 127.0.0.1 at 2017-08-09 15:06:59 -0700
  
ActionController::RoutingError (uninitialized constant UsersController):
  
activesupport (5.1.3) lib/active_support/inflector/methods.rb:269:in `const_get'
activesupport (5.1.3) lib/active_support/inflector/methods.rb:269:in `block in constantize'
activesupport (5.1.3) lib/active_support/inflector/methods.rb:267:in `each'
activesupport (5.1.3) lib/active_support/inflector/methods.rb:267:in `inject'
activesupport (5.1.3) lib/active_support/inflector/methods.rb:267:in `constantize'
actionpack (5.1.3) lib/action_dispatch/http/request.rb:82:in `controller_class'
actionpack (5.1.3) lib/action_dispatch/routing/route_set.rb:43:in `controller'
actionpack (5.1.3) lib/action_dispatch/routing/route_set.rb:29:in `serve'
actionpack (5.1.3) lib/action_dispatch/journey/router.rb:46:in `block in serve'
actionpack (5.1.3) lib/action_dispatch/journey/router.rb:33:in `each'
actionpack (5.1.3) lib/action_dispatch/journey/router.rb:33:in `serve'
actionpack (5.1.3) lib/action_dispatch/routing/route_set.rb:834:in `call'
rack (2.0.3) lib/rack/etag.rb:25:in `call'
rack (2.0.3) lib/rack/conditional_get.rb:25:in `call'
rack (2.0.3) lib/rack/head.rb:12:in `call'
rack (2.0.3) lib/rack/session/abstract/id.rb:232:in `context'
rack (2.0.3) lib/rack/session/abstract/id.rb:226:in `call'
actionpack (5.1.3) lib/action_dispatch/middleware/cookies.rb:613:in `call'
activerecord (5.1.3) lib/active_record/migration.rb:556:in `call'
actionpack (5.1.3) lib/action_dispatch/middleware/callbacks.rb:26:in `block in call'
activesupport (5.1.3) lib/active_support/callbacks.rb:97:in `run_callbacks'
actionpack (5.1.3) lib/action_dispatch/middleware/callbacks.rb:24:in `call'
actionpack (5.1.3) lib/action_dispatch/middleware/executor.rb:12:in `call'
actionpack (5.1.3) lib/action_dispatch/middleware/debug_exceptions.rb:59:in `call'
web-console (3.5.1) lib/web_console/middleware.rb:135:in `call_app'
web-console (3.5.1) lib/web_console/middleware.rb:28:in `block in call'
web-console (3.5.1) lib/web_console/middleware.rb:18:in `catch'
web-console (3.5.1) lib/web_console/middleware.rb:18:in `call'
actionpack (5.1.3) lib/action_dispatch/middleware/show_exceptions.rb:31:in `call'
railties (5.1.3) lib/rails/rack/logger.rb:36:in `call_app'
railties (5.1.3) lib/rails/rack/logger.rb:24:in `block in call'
activesupport (5.1.3) lib/active_support/tagged_logging.rb:69:in `block in tagged'
activesupport (5.1.3) lib/active_support/tagged_logging.rb:26:in `tagged'
activesupport (5.1.3) lib/active_support/tagged_logging.rb:69:in `tagged'
railties (5.1.3) lib/rails/rack/logger.rb:24:in `call'
sprockets-rails (3.2.0) lib/sprockets/rails/quiet_assets.rb:13:in `call'
actionpack (5.1.3) lib/action_dispatch/middleware/remote_ip.rb:79:in `call'
actionpack (5.1.3) lib/action_dispatch/middleware/request_id.rb:25:in `call'
rack (2.0.3) lib/rack/method_override.rb:22:in `call'
rack (2.0.3) lib/rack/runtime.rb:22:in `call'
activesupport (5.1.3) lib/active_support/cache/strategy/local_cache_middleware.rb:27:in `call'
actionpack (5.1.3) lib/action_dispatch/middleware/executor.rb:12:in `call'
actionpack (5.1.3) lib/action_dispatch/middleware/static.rb:125:in `call'
rack (2.0.3) lib/rack/sendfile.rb:111:in `call'
railties (5.1.3) lib/rails/engine.rb:522:in `call'
puma (3.9.1) lib/puma/configuration.rb:224:in `call'
puma (3.9.1) lib/puma/server.rb:602:in `handle_request'
puma (3.9.1) lib/puma/server.rb:435:in `process_client'
puma (3.9.1) lib/puma/server.rb:299:in `block in run'
puma (3.9.1) lib/puma/thread_pool.rb:120:in `block in spawn_thread'
Started GET "/register" for 127.0.0.1 at 2017-08-09 15:07:35 -0700
  
ActionController::RoutingError (uninitialized constant UsersController):
  
activesupport (5.1.3) lib/active_support/inflector/methods.rb:269:in `const_get'
activesupport (5.1.3) lib/active_support/inflector/methods.rb:269:in `block in constantize'
activesupport (5.1.3) lib/active_support/inflector/methods.rb:267:in `each'
activesupport (5.1.3) lib/active_support/inflector/methods.rb:267:in `inject'
activesupport (5.1.3) lib/active_support/inflector/methods.rb:267:in `constantize'
actionpack (5.1.3) lib/action_dispatch/http/request.rb:82:in `controller_class'
actionpack (5.1.3) lib/action_dispatch/routing/route_set.rb:43:in `controller'
actionpack (5.1.3) lib/action_dispatch/routing/route_set.rb:29:in `serve'
actionpack (5.1.3) lib/action_dispatch/journey/router.rb:46:in `block in serve'
actionpack (5.1.3) lib/action_dispatch/journey/router.rb:33:in `each'
actionpack (5.1.3) lib/action_dispatch/journey/router.rb:33:in `serve'
actionpack (5.1.3) lib/action_dispatch/routing/route_set.rb:834:in `call'
rack (2.0.3) lib/rack/etag.rb:25:in `call'
rack (2.0.3) lib/rack/conditional_get.rb:25:in `call'
rack (2.0.3) lib/rack/head.rb:12:in `call'
rack (2.0.3) lib/rack/session/abstract/id.rb:232:in `context'
rack (2.0.3) lib/rack/session/abstract/id.rb:226:in `call'
actionpack (5.1.3) lib/action_dispatch/middleware/cookies.rb:613:in `call'
activerecord (5.1.3) lib/active_record/migration.rb:556:in `call'
actionpack (5.1.3) lib/action_dispatch/middleware/callbacks.rb:26:in `block in call'
activesupport (5.1.3) lib/active_support/callbacks.rb:97:in `run_callbacks'
actionpack (5.1.3) lib/action_dispatch/middleware/callbacks.rb:24:in `call'
actionpack (5.1.3) lib/action_dispatch/middleware/executor.rb:12:in `call'
actionpack (5.1.3) lib/action_dispatch/middleware/debug_exceptions.rb:59:in `call'
web-console (3.5.1) lib/web_console/middleware.rb:135:in `call_app'
web-console (3.5.1) lib/web_console/middleware.rb:28:in `block in call'
web-console (3.5.1) lib/web_console/middleware.rb:18:in `catch'
web-console (3.5.1) lib/web_console/middleware.rb:18:in `call'
actionpack (5.1.3) lib/action_dispatch/middleware/show_exceptions.rb:31:in `call'
railties (5.1.3) lib/rails/rack/logger.rb:36:in `call_app'
railties (5.1.3) lib/rails/rack/logger.rb:24:in `block in call'
activesupport (5.1.3) lib/active_support/tagged_logging.rb:69:in `block in tagged'
activesupport (5.1.3) lib/active_support/tagged_logging.rb:26:in `tagged'
activesupport (5.1.3) lib/active_support/tagged_logging.rb:69:in `tagged'
railties (5.1.3) lib/rails/rack/logger.rb:24:in `call'
sprockets-rails (3.2.0) lib/sprockets/rails/quiet_assets.rb:13:in `call'
actionpack (5.1.3) lib/action_dispatch/middleware/remote_ip.rb:79:in `call'
actionpack (5.1.3) lib/action_dispatch/middleware/request_id.rb:25:in `call'
rack (2.0.3) lib/rack/method_override.rb:22:in `call'
rack (2.0.3) lib/rack/runtime.rb:22:in `call'
activesupport (5.1.3) lib/active_support/cache/strategy/local_cache_middleware.rb:27:in `call'
actionpack (5.1.3) lib/action_dispatch/middleware/executor.rb:12:in `call'
actionpack (5.1.3) lib/action_dispatch/middleware/static.rb:125:in `call'
rack (2.0.3) lib/rack/sendfile.rb:111:in `call'
railties (5.1.3) lib/rails/engine.rb:522:in `call'
puma (3.9.1) lib/puma/configuration.rb:224:in `call'
puma (3.9.1) lib/puma/server.rb:602:in `handle_request'
puma (3.9.1) lib/puma/server.rb:435:in `process_client'
puma (3.9.1) lib/puma/server.rb:299:in `block in run'
puma (3.9.1) lib/puma/thread_pool.rb:120:in `block in spawn_thread'
Started GET "/users/register" for 127.0.0.1 at 2017-08-09 15:12:28 -0700
  
ActionController::RoutingError (uninitialized constant UsersController):
  
activesupport (5.1.3) lib/active_support/inflector/methods.rb:269:in `const_get'
activesupport (5.1.3) lib/active_support/inflector/methods.rb:269:in `block in constantize'
activesupport (5.1.3) lib/active_support/inflector/methods.rb:267:in `each'
activesupport (5.1.3) lib/active_support/inflector/methods.rb:267:in `inject'
activesupport (5.1.3) lib/active_support/inflector/methods.rb:267:in `constantize'
actionpack (5.1.3) lib/action_dispatch/http/request.rb:82:in `controller_class'
actionpack (5.1.3) lib/action_dispatch/routing/route_set.rb:43:in `controller'
actionpack (5.1.3) lib/action_dispatch/routing/route_set.rb:29:in `serve'
actionpack (5.1.3) lib/action_dispatch/journey/router.rb:46:in `block in serve'
actionpack (5.1.3) lib/action_dispatch/journey/router.rb:33:in `each'
actionpack (5.1.3) lib/action_dispatch/journey/router.rb:33:in `serve'
actionpack (5.1.3) lib/action_dispatch/routing/route_set.rb:834:in `call'
rack (2.0.3) lib/rack/etag.rb:25:in `call'
rack (2.0.3) lib/rack/conditional_get.rb:25:in `call'
rack (2.0.3) lib/rack/head.rb:12:in `call'
rack (2.0.3) lib/rack/session/abstract/id.rb:232:in `context'
rack (2.0.3) lib/rack/session/abstract/id.rb:226:in `call'
actionpack (5.1.3) lib/action_dispatch/middleware/cookies.rb:613:in `call'
activerecord (5.1.3) lib/active_record/migration.rb:556:in `call'
actionpack (5.1.3) lib/action_dispatch/middleware/callbacks.rb:26:in `block in call'
activesupport (5.1.3) lib/active_support/callbacks.rb:97:in `run_callbacks'
actionpack (5.1.3) lib/action_dispatch/middleware/callbacks.rb:24:in `call'
actionpack (5.1.3) lib/action_dispatch/middleware/executor.rb:12:in `call'
actionpack (5.1.3) lib/action_dispatch/middleware/debug_exceptions.rb:59:in `call'
web-console (3.5.1) lib/web_console/middleware.rb:135:in `call_app'
web-console (3.5.1) lib/web_console/middleware.rb:28:in `block in call'
web-console (3.5.1) lib/web_console/middleware.rb:18:in `catch'
web-console (3.5.1) lib/web_console/middleware.rb:18:in `call'
actionpack (5.1.3) lib/action_dispatch/middleware/show_exceptions.rb:31:in `call'
railties (5.1.3) lib/rails/rack/logger.rb:36:in `call_app'
railties (5.1.3) lib/rails/rack/logger.rb:24:in `block in call'
activesupport (5.1.3) lib/active_support/tagged_logging.rb:69:in `block in tagged'
activesupport (5.1.3) lib/active_support/tagged_logging.rb:26:in `tagged'
activesupport (5.1.3) lib/active_support/tagged_logging.rb:69:in `tagged'
railties (5.1.3) lib/rails/rack/logger.rb:24:in `call'
sprockets-rails (3.2.0) lib/sprockets/rails/quiet_assets.rb:13:in `call'
actionpack (5.1.3) lib/action_dispatch/middleware/remote_ip.rb:79:in `call'
actionpack (5.1.3) lib/action_dispatch/middleware/request_id.rb:25:in `call'
rack (2.0.3) lib/rack/method_override.rb:22:in `call'
rack (2.0.3) lib/rack/runtime.rb:22:in `call'
activesupport (5.1.3) lib/active_support/cache/strategy/local_cache_middleware.rb:27:in `call'
actionpack (5.1.3) lib/action_dispatch/middleware/executor.rb:12:in `call'
actionpack (5.1.3) lib/action_dispatch/middleware/static.rb:125:in `call'
rack (2.0.3) lib/rack/sendfile.rb:111:in `call'
railties (5.1.3) lib/rails/engine.rb:522:in `call'
puma (3.9.1) lib/puma/configuration.rb:224:in `call'
puma (3.9.1) lib/puma/server.rb:602:in `handle_request'
puma (3.9.1) lib/puma/server.rb:435:in `process_client'
puma (3.9.1) lib/puma/server.rb:299:in `block in run'
puma (3.9.1) lib/puma/thread_pool.rb:120:in `block in spawn_thread'
Started GET "/sessions/new" for 127.0.0.1 at 2017-08-09 15:14:26 -0700
  
ActionController::RoutingError (uninitialized constant SessionsController):
  
activesupport (5.1.3) lib/active_support/inflector/methods.rb:269:in `const_get'
activesupport (5.1.3) lib/active_support/inflector/methods.rb:269:in `block in constantize'
activesupport (5.1.3) lib/active_support/inflector/methods.rb:267:in `each'
activesupport (5.1.3) lib/active_support/inflector/methods.rb:267:in `inject'
activesupport (5.1.3) lib/active_support/inflector/methods.rb:267:in `constantize'
actionpack (5.1.3) lib/action_dispatch/http/request.rb:82:in `controller_class'
actionpack (5.1.3) lib/action_dispatch/routing/route_set.rb:43:in `controller'
actionpack (5.1.3) lib/action_dispatch/routing/route_set.rb:29:in `serve'
actionpack (5.1.3) lib/action_dispatch/journey/router.rb:46:in `block in serve'
actionpack (5.1.3) lib/action_dispatch/journey/router.rb:33:in `each'
actionpack (5.1.3) lib/action_dispatch/journey/router.rb:33:in `serve'
actionpack (5.1.3) lib/action_dispatch/routing/route_set.rb:834:in `call'
rack (2.0.3) lib/rack/etag.rb:25:in `call'
rack (2.0.3) lib/rack/conditional_get.rb:25:in `call'
rack (2.0.3) lib/rack/head.rb:12:in `call'
rack (2.0.3) lib/rack/session/abstract/id.rb:232:in `context'
rack (2.0.3) lib/rack/session/abstract/id.rb:226:in `call'
actionpack (5.1.3) lib/action_dispatch/middleware/cookies.rb:613:in `call'
activerecord (5.1.3) lib/active_record/migration.rb:556:in `call'
actionpack (5.1.3) lib/action_dispatch/middleware/callbacks.rb:26:in `block in call'
activesupport (5.1.3) lib/active_support/callbacks.rb:97:in `run_callbacks'
actionpack (5.1.3) lib/action_dispatch/middleware/callbacks.rb:24:in `call'
actionpack (5.1.3) lib/action_dispatch/middleware/executor.rb:12:in `call'
actionpack (5.1.3) lib/action_dispatch/middleware/debug_exceptions.rb:59:in `call'
web-console (3.5.1) lib/web_console/middleware.rb:135:in `call_app'
web-console (3.5.1) lib/web_console/middleware.rb:28:in `block in call'
web-console (3.5.1) lib/web_console/middleware.rb:18:in `catch'
web-console (3.5.1) lib/web_console/middleware.rb:18:in `call'
actionpack (5.1.3) lib/action_dispatch/middleware/show_exceptions.rb:31:in `call'
railties (5.1.3) lib/rails/rack/logger.rb:36:in `call_app'
railties (5.1.3) lib/rails/rack/logger.rb:24:in `block in call'
activesupport (5.1.3) lib/active_support/tagged_logging.rb:69:in `block in tagged'
activesupport (5.1.3) lib/active_support/tagged_logging.rb:26:in `tagged'
activesupport (5.1.3) lib/active_support/tagged_logging.rb:69:in `tagged'
railties (5.1.3) lib/rails/rack/logger.rb:24:in `call'
sprockets-rails (3.2.0) lib/sprockets/rails/quiet_assets.rb:13:in `call'
actionpack (5.1.3) lib/action_dispatch/middleware/remote_ip.rb:79:in `call'
actionpack (5.1.3) lib/action_dispatch/middleware/request_id.rb:25:in `call'
rack (2.0.3) lib/rack/method_override.rb:22:in `call'
rack (2.0.3) lib/rack/runtime.rb:22:in `call'
activesupport (5.1.3) lib/active_support/cache/strategy/local_cache_middleware.rb:27:in `call'
actionpack (5.1.3) lib/action_dispatch/middleware/executor.rb:12:in `call'
actionpack (5.1.3) lib/action_dispatch/middleware/static.rb:125:in `call'
rack (2.0.3) lib/rack/sendfile.rb:111:in `call'
railties (5.1.3) lib/rails/engine.rb:522:in `call'
puma (3.9.1) lib/puma/configuration.rb:224:in `call'
puma (3.9.1) lib/puma/server.rb:602:in `handle_request'
puma (3.9.1) lib/puma/server.rb:435:in `process_client'
puma (3.9.1) lib/puma/server.rb:299:in `block in run'
puma (3.9.1) lib/puma/thread_pool.rb:120:in `block in spawn_thread'
Started GET "/" for 127.0.0.1 at 2017-08-09 15:15:23 -0700
  
ActionController::RoutingError (uninitialized constant LandingPagesController):
  
activesupport (5.1.3) lib/active_support/inflector/methods.rb:269:in `const_get'
activesupport (5.1.3) lib/active_support/inflector/methods.rb:269:in `block in constantize'
activesupport (5.1.3) lib/active_support/inflector/methods.rb:267:in `each'
activesupport (5.1.3) lib/active_support/inflector/methods.rb:267:in `inject'
activesupport (5.1.3) lib/active_support/inflector/methods.rb:267:in `constantize'
actionpack (5.1.3) lib/action_dispatch/http/request.rb:82:in `controller_class'
actionpack (5.1.3) lib/action_dispatch/routing/route_set.rb:43:in `controller'
actionpack (5.1.3) lib/action_dispatch/routing/route_set.rb:29:in `serve'
actionpack (5.1.3) lib/action_dispatch/journey/router.rb:46:in `block in serve'
actionpack (5.1.3) lib/action_dispatch/journey/router.rb:33:in `each'
actionpack (5.1.3) lib/action_dispatch/journey/router.rb:33:in `serve'
actionpack (5.1.3) lib/action_dispatch/routing/route_set.rb:834:in `call'
rack (2.0.3) lib/rack/etag.rb:25:in `call'
rack (2.0.3) lib/rack/conditional_get.rb:25:in `call'
rack (2.0.3) lib/rack/head.rb:12:in `call'
rack (2.0.3) lib/rack/session/abstract/id.rb:232:in `context'
rack (2.0.3) lib/rack/session/abstract/id.rb:226:in `call'
actionpack (5.1.3) lib/action_dispatch/middleware/cookies.rb:613:in `call'
activerecord (5.1.3) lib/active_record/migration.rb:556:in `call'
actionpack (5.1.3) lib/action_dispatch/middleware/callbacks.rb:26:in `block in call'
activesupport (5.1.3) lib/active_support/callbacks.rb:97:in `run_callbacks'
actionpack (5.1.3) lib/action_dispatch/middleware/callbacks.rb:24:in `call'
actionpack (5.1.3) lib/action_dispatch/middleware/executor.rb:12:in `call'
actionpack (5.1.3) lib/action_dispatch/middleware/debug_exceptions.rb:59:in `call'
web-console (3.5.1) lib/web_console/middleware.rb:135:in `call_app'
web-console (3.5.1) lib/web_console/middleware.rb:28:in `block in call'
web-console (3.5.1) lib/web_console/middleware.rb:18:in `catch'
web-console (3.5.1) lib/web_console/middleware.rb:18:in `call'
actionpack (5.1.3) lib/action_dispatch/middleware/show_exceptions.rb:31:in `call'
railties (5.1.3) lib/rails/rack/logger.rb:36:in `call_app'
railties (5.1.3) lib/rails/rack/logger.rb:24:in `block in call'
activesupport (5.1.3) lib/active_support/tagged_logging.rb:69:in `block in tagged'
activesupport (5.1.3) lib/active_support/tagged_logging.rb:26:in `tagged'
activesupport (5.1.3) lib/active_support/tagged_logging.rb:69:in `tagged'
railties (5.1.3) lib/rails/rack/logger.rb:24:in `call'
sprockets-rails (3.2.0) lib/sprockets/rails/quiet_assets.rb:13:in `call'
actionpack (5.1.3) lib/action_dispatch/middleware/remote_ip.rb:79:in `call'
actionpack (5.1.3) lib/action_dispatch/middleware/request_id.rb:25:in `call'
rack (2.0.3) lib/rack/method_override.rb:22:in `call'
rack (2.0.3) lib/rack/runtime.rb:22:in `call'
activesupport (5.1.3) lib/active_support/cache/strategy/local_cache_middleware.rb:27:in `call'
actionpack (5.1.3) lib/action_dispatch/middleware/executor.rb:12:in `call'
actionpack (5.1.3) lib/action_dispatch/middleware/static.rb:125:in `call'
rack (2.0.3) lib/rack/sendfile.rb:111:in `call'
railties (5.1.3) lib/rails/engine.rb:522:in `call'
puma (3.9.1) lib/puma/configuration.rb:224:in `call'
puma (3.9.1) lib/puma/server.rb:602:in `handle_request'
puma (3.9.1) lib/puma/server.rb:435:in `process_client'
puma (3.9.1) lib/puma/server.rb:299:in `block in run'
puma (3.9.1) lib/puma/thread_pool.rb:120:in `block in spawn_thread'
Started GET "/users" for 127.0.0.1 at 2017-08-09 15:15:49 -0700
  
ActionController::RoutingError (uninitialized constant UsersController):
  
activesupport (5.1.3) lib/active_support/inflector/methods.rb:269:in `const_get'
activesupport (5.1.3) lib/active_support/inflector/methods.rb:269:in `block in constantize'
activesupport (5.1.3) lib/active_support/inflector/methods.rb:267:in `each'
activesupport (5.1.3) lib/active_support/inflector/methods.rb:267:in `inject'
activesupport (5.1.3) lib/active_support/inflector/methods.rb:267:in `constantize'
actionpack (5.1.3) lib/action_dispatch/http/request.rb:82:in `controller_class'
actionpack (5.1.3) lib/action_dispatch/routing/route_set.rb:43:in `controller'
actionpack (5.1.3) lib/action_dispatch/routing/route_set.rb:29:in `serve'
actionpack (5.1.3) lib/action_dispatch/journey/router.rb:46:in `block in serve'
actionpack (5.1.3) lib/action_dispatch/journey/router.rb:33:in `each'
actionpack (5.1.3) lib/action_dispatch/journey/router.rb:33:in `serve'
actionpack (5.1.3) lib/action_dispatch/routing/route_set.rb:834:in `call'
rack (2.0.3) lib/rack/etag.rb:25:in `call'
rack (2.0.3) lib/rack/conditional_get.rb:25:in `call'
rack (2.0.3) lib/rack/head.rb:12:in `call'
rack (2.0.3) lib/rack/session/abstract/id.rb:232:in `context'
rack (2.0.3) lib/rack/session/abstract/id.rb:226:in `call'
actionpack (5.1.3) lib/action_dispatch/middleware/cookies.rb:613:in `call'
activerecord (5.1.3) lib/active_record/migration.rb:556:in `call'
actionpack (5.1.3) lib/action_dispatch/middleware/callbacks.rb:26:in `block in call'
activesupport (5.1.3) lib/active_support/callbacks.rb:97:in `run_callbacks'
actionpack (5.1.3) lib/action_dispatch/middleware/callbacks.rb:24:in `call'
actionpack (5.1.3) lib/action_dispatch/middleware/executor.rb:12:in `call'
actionpack (5.1.3) lib/action_dispatch/middleware/debug_exceptions.rb:59:in `call'
web-console (3.5.1) lib/web_console/middleware.rb:135:in `call_app'
web-console (3.5.1) lib/web_console/middleware.rb:28:in `block in call'
web-console (3.5.1) lib/web_console/middleware.rb:18:in `catch'
web-console (3.5.1) lib/web_console/middleware.rb:18:in `call'
actionpack (5.1.3) lib/action_dispatch/middleware/show_exceptions.rb:31:in `call'
railties (5.1.3) lib/rails/rack/logger.rb:36:in `call_app'
railties (5.1.3) lib/rails/rack/logger.rb:24:in `block in call'
activesupport (5.1.3) lib/active_support/tagged_logging.rb:69:in `block in tagged'
activesupport (5.1.3) lib/active_support/tagged_logging.rb:26:in `tagged'
activesupport (5.1.3) lib/active_support/tagged_logging.rb:69:in `tagged'
railties (5.1.3) lib/rails/rack/logger.rb:24:in `call'
sprockets-rails (3.2.0) lib/sprockets/rails/quiet_assets.rb:13:in `call'
actionpack (5.1.3) lib/action_dispatch/middleware/remote_ip.rb:79:in `call'
actionpack (5.1.3) lib/action_dispatch/middleware/request_id.rb:25:in `call'
rack (2.0.3) lib/rack/method_override.rb:22:in `call'
rack (2.0.3) lib/rack/runtime.rb:22:in `call'
activesupport (5.1.3) lib/active_support/cache/strategy/local_cache_middleware.rb:27:in `call'
actionpack (5.1.3) lib/action_dispatch/middleware/executor.rb:12:in `call'
actionpack (5.1.3) lib/action_dispatch/middleware/static.rb:125:in `call'
rack (2.0.3) lib/rack/sendfile.rb:111:in `call'
railties (5.1.3) lib/rails/engine.rb:522:in `call'
puma (3.9.1) lib/puma/configuration.rb:224:in `call'
puma (3.9.1) lib/puma/server.rb:602:in `handle_request'
puma (3.9.1) lib/puma/server.rb:435:in `process_client'
puma (3.9.1) lib/puma/server.rb:299:in `block in run'
puma (3.9.1) lib/puma/thread_pool.rb:120:in `block in spawn_thread'
Started GET "/users" for 127.0.0.1 at 2017-08-09 15:18:11 -0700
  
ActionController::RoutingError (uninitialized constant UsersController):
  
activesupport (5.1.3) lib/active_support/inflector/methods.rb:269:in `const_get'
activesupport (5.1.3) lib/active_support/inflector/methods.rb:269:in `block in constantize'
activesupport (5.1.3) lib/active_support/inflector/methods.rb:267:in `each'
activesupport (5.1.3) lib/active_support/inflector/methods.rb:267:in `inject'
activesupport (5.1.3) lib/active_support/inflector/methods.rb:267:in `constantize'
actionpack (5.1.3) lib/action_dispatch/http/request.rb:82:in `controller_class'
actionpack (5.1.3) lib/action_dispatch/routing/route_set.rb:43:in `controller'
actionpack (5.1.3) lib/action_dispatch/routing/route_set.rb:29:in `serve'
actionpack (5.1.3) lib/action_dispatch/journey/router.rb:46:in `block in serve'
actionpack (5.1.3) lib/action_dispatch/journey/router.rb:33:in `each'
actionpack (5.1.3) lib/action_dispatch/journey/router.rb:33:in `serve'
actionpack (5.1.3) lib/action_dispatch/routing/route_set.rb:834:in `call'
rack (2.0.3) lib/rack/etag.rb:25:in `call'
rack (2.0.3) lib/rack/conditional_get.rb:25:in `call'
rack (2.0.3) lib/rack/head.rb:12:in `call'
rack (2.0.3) lib/rack/session/abstract/id.rb:232:in `context'
rack (2.0.3) lib/rack/session/abstract/id.rb:226:in `call'
actionpack (5.1.3) lib/action_dispatch/middleware/cookies.rb:613:in `call'
activerecord (5.1.3) lib/active_record/migration.rb:556:in `call'
actionpack (5.1.3) lib/action_dispatch/middleware/callbacks.rb:26:in `block in call'
activesupport (5.1.3) lib/active_support/callbacks.rb:97:in `run_callbacks'
actionpack (5.1.3) lib/action_dispatch/middleware/callbacks.rb:24:in `call'
actionpack (5.1.3) lib/action_dispatch/middleware/executor.rb:12:in `call'
actionpack (5.1.3) lib/action_dispatch/middleware/debug_exceptions.rb:59:in `call'
web-console (3.5.1) lib/web_console/middleware.rb:135:in `call_app'
web-console (3.5.1) lib/web_console/middleware.rb:28:in `block in call'
web-console (3.5.1) lib/web_console/middleware.rb:18:in `catch'
web-console (3.5.1) lib/web_console/middleware.rb:18:in `call'
actionpack (5.1.3) lib/action_dispatch/middleware/show_exceptions.rb:31:in `call'
railties (5.1.3) lib/rails/rack/logger.rb:36:in `call_app'
railties (5.1.3) lib/rails/rack/logger.rb:24:in `block in call'
activesupport (5.1.3) lib/active_support/tagged_logging.rb:69:in `block in tagged'
activesupport (5.1.3) lib/active_support/tagged_logging.rb:26:in `tagged'
activesupport (5.1.3) lib/active_support/tagged_logging.rb:69:in `tagged'
railties (5.1.3) lib/rails/rack/logger.rb:24:in `call'
sprockets-rails (3.2.0) lib/sprockets/rails/quiet_assets.rb:13:in `call'
actionpack (5.1.3) lib/action_dispatch/middleware/remote_ip.rb:79:in `call'
actionpack (5.1.3) lib/action_dispatch/middleware/request_id.rb:25:in `call'
rack (2.0.3) lib/rack/method_override.rb:22:in `call'
rack (2.0.3) lib/rack/runtime.rb:22:in `call'
activesupport (5.1.3) lib/active_support/cache/strategy/local_cache_middleware.rb:27:in `call'
actionpack (5.1.3) lib/action_dispatch/middleware/executor.rb:12:in `call'
actionpack (5.1.3) lib/action_dispatch/middleware/static.rb:125:in `call'
rack (2.0.3) lib/rack/sendfile.rb:111:in `call'
railties (5.1.3) lib/rails/engine.rb:522:in `call'
puma (3.9.1) lib/puma/configuration.rb:224:in `call'
puma (3.9.1) lib/puma/server.rb:602:in `handle_request'
puma (3.9.1) lib/puma/server.rb:435:in `process_client'
puma (3.9.1) lib/puma/server.rb:299:in `block in run'
puma (3.9.1) lib/puma/thread_pool.rb:120:in `block in spawn_thread'
Started GET "/users" for 127.0.0.1 at 2017-08-09 15:18:43 -0700
  [1m[35m (0.8ms)[0m  [1m[34mSELECT "schema_migrations"."version" FROM "schema_migrations" ORDER BY "schema_migrations"."version" ASC[0m
  
ActionController::RoutingError (uninitialized constant UsersController):
  
activesupport (5.1.3) lib/active_support/inflector/methods.rb:269:in `const_get'
activesupport (5.1.3) lib/active_support/inflector/methods.rb:269:in `block in constantize'
activesupport (5.1.3) lib/active_support/inflector/methods.rb:267:in `each'
activesupport (5.1.3) lib/active_support/inflector/methods.rb:267:in `inject'
activesupport (5.1.3) lib/active_support/inflector/methods.rb:267:in `constantize'
actionpack (5.1.3) lib/action_dispatch/http/request.rb:82:in `controller_class'
actionpack (5.1.3) lib/action_dispatch/routing/route_set.rb:43:in `controller'
actionpack (5.1.3) lib/action_dispatch/routing/route_set.rb:29:in `serve'
actionpack (5.1.3) lib/action_dispatch/journey/router.rb:46:in `block in serve'
actionpack (5.1.3) lib/action_dispatch/journey/router.rb:33:in `each'
actionpack (5.1.3) lib/action_dispatch/journey/router.rb:33:in `serve'
actionpack (5.1.3) lib/action_dispatch/routing/route_set.rb:834:in `call'
rack (2.0.3) lib/rack/etag.rb:25:in `call'
rack (2.0.3) lib/rack/conditional_get.rb:25:in `call'
rack (2.0.3) lib/rack/head.rb:12:in `call'
rack (2.0.3) lib/rack/session/abstract/id.rb:232:in `context'
rack (2.0.3) lib/rack/session/abstract/id.rb:226:in `call'
actionpack (5.1.3) lib/action_dispatch/middleware/cookies.rb:613:in `call'
activerecord (5.1.3) lib/active_record/migration.rb:556:in `call'
actionpack (5.1.3) lib/action_dispatch/middleware/callbacks.rb:26:in `block in call'
activesupport (5.1.3) lib/active_support/callbacks.rb:97:in `run_callbacks'
actionpack (5.1.3) lib/action_dispatch/middleware/callbacks.rb:24:in `call'
actionpack (5.1.3) lib/action_dispatch/middleware/executor.rb:12:in `call'
actionpack (5.1.3) lib/action_dispatch/middleware/debug_exceptions.rb:59:in `call'
web-console (3.5.1) lib/web_console/middleware.rb:135:in `call_app'
web-console (3.5.1) lib/web_console/middleware.rb:28:in `block in call'
web-console (3.5.1) lib/web_console/middleware.rb:18:in `catch'
web-console (3.5.1) lib/web_console/middleware.rb:18:in `call'
actionpack (5.1.3) lib/action_dispatch/middleware/show_exceptions.rb:31:in `call'
railties (5.1.3) lib/rails/rack/logger.rb:36:in `call_app'
railties (5.1.3) lib/rails/rack/logger.rb:24:in `block in call'
activesupport (5.1.3) lib/active_support/tagged_logging.rb:69:in `block in tagged'
activesupport (5.1.3) lib/active_support/tagged_logging.rb:26:in `tagged'
activesupport (5.1.3) lib/active_support/tagged_logging.rb:69:in `tagged'
railties (5.1.3) lib/rails/rack/logger.rb:24:in `call'
sprockets-rails (3.2.0) lib/sprockets/rails/quiet_assets.rb:13:in `call'
actionpack (5.1.3) lib/action_dispatch/middleware/remote_ip.rb:79:in `call'
actionpack (5.1.3) lib/action_dispatch/middleware/request_id.rb:25:in `call'
rack (2.0.3) lib/rack/method_override.rb:22:in `call'
rack (2.0.3) lib/rack/runtime.rb:22:in `call'
activesupport (5.1.3) lib/active_support/cache/strategy/local_cache_middleware.rb:27:in `call'
actionpack (5.1.3) lib/action_dispatch/middleware/executor.rb:12:in `call'
actionpack (5.1.3) lib/action_dispatch/middleware/static.rb:125:in `call'
rack (2.0.3) lib/rack/sendfile.rb:111:in `call'
railties (5.1.3) lib/rails/engine.rb:522:in `call'
puma (3.9.1) lib/puma/configuration.rb:224:in `call'
puma (3.9.1) lib/puma/server.rb:602:in `handle_request'
puma (3.9.1) lib/puma/server.rb:435:in `process_client'
puma (3.9.1) lib/puma/server.rb:299:in `block in run'
puma (3.9.1) lib/puma/thread_pool.rb:120:in `block in spawn_thread'
Started GET "/" for 127.0.0.1 at 2017-08-09 15:18:51 -0700
  
ActionController::RoutingError (uninitialized constant LandingPagesController):
  
activesupport (5.1.3) lib/active_support/inflector/methods.rb:269:in `const_get'
activesupport (5.1.3) lib/active_support/inflector/methods.rb:269:in `block in constantize'
activesupport (5.1.3) lib/active_support/inflector/methods.rb:267:in `each'
activesupport (5.1.3) lib/active_support/inflector/methods.rb:267:in `inject'
activesupport (5.1.3) lib/active_support/inflector/methods.rb:267:in `constantize'
actionpack (5.1.3) lib/action_dispatch/http/request.rb:82:in `controller_class'
actionpack (5.1.3) lib/action_dispatch/routing/route_set.rb:43:in `controller'
actionpack (5.1.3) lib/action_dispatch/routing/route_set.rb:29:in `serve'
actionpack (5.1.3) lib/action_dispatch/journey/router.rb:46:in `block in serve'
actionpack (5.1.3) lib/action_dispatch/journey/router.rb:33:in `each'
actionpack (5.1.3) lib/action_dispatch/journey/router.rb:33:in `serve'
actionpack (5.1.3) lib/action_dispatch/routing/route_set.rb:834:in `call'
rack (2.0.3) lib/rack/etag.rb:25:in `call'
rack (2.0.3) lib/rack/conditional_get.rb:25:in `call'
rack (2.0.3) lib/rack/head.rb:12:in `call'
rack (2.0.3) lib/rack/session/abstract/id.rb:232:in `context'
rack (2.0.3) lib/rack/session/abstract/id.rb:226:in `call'
actionpack (5.1.3) lib/action_dispatch/middleware/cookies.rb:613:in `call'
activerecord (5.1.3) lib/active_record/migration.rb:556:in `call'
actionpack (5.1.3) lib/action_dispatch/middleware/callbacks.rb:26:in `block in call'
activesupport (5.1.3) lib/active_support/callbacks.rb:97:in `run_callbacks'
actionpack (5.1.3) lib/action_dispatch/middleware/callbacks.rb:24:in `call'
actionpack (5.1.3) lib/action_dispatch/middleware/executor.rb:12:in `call'
actionpack (5.1.3) lib/action_dispatch/middleware/debug_exceptions.rb:59:in `call'
web-console (3.5.1) lib/web_console/middleware.rb:135:in `call_app'
web-console (3.5.1) lib/web_console/middleware.rb:28:in `block in call'
web-console (3.5.1) lib/web_console/middleware.rb:18:in `catch'
web-console (3.5.1) lib/web_console/middleware.rb:18:in `call'
actionpack (5.1.3) lib/action_dispatch/middleware/show_exceptions.rb:31:in `call'
railties (5.1.3) lib/rails/rack/logger.rb:36:in `call_app'
railties (5.1.3) lib/rails/rack/logger.rb:24:in `block in call'
activesupport (5.1.3) lib/active_support/tagged_logging.rb:69:in `block in tagged'
activesupport (5.1.3) lib/active_support/tagged_logging.rb:26:in `tagged'
activesupport (5.1.3) lib/active_support/tagged_logging.rb:69:in `tagged'
railties (5.1.3) lib/rails/rack/logger.rb:24:in `call'
sprockets-rails (3.2.0) lib/sprockets/rails/quiet_assets.rb:13:in `call'
actionpack (5.1.3) lib/action_dispatch/middleware/remote_ip.rb:79:in `call'
actionpack (5.1.3) lib/action_dispatch/middleware/request_id.rb:25:in `call'
rack (2.0.3) lib/rack/method_override.rb:22:in `call'
rack (2.0.3) lib/rack/runtime.rb:22:in `call'
activesupport (5.1.3) lib/active_support/cache/strategy/local_cache_middleware.rb:27:in `call'
actionpack (5.1.3) lib/action_dispatch/middleware/executor.rb:12:in `call'
actionpack (5.1.3) lib/action_dispatch/middleware/static.rb:125:in `call'
rack (2.0.3) lib/rack/sendfile.rb:111:in `call'
railties (5.1.3) lib/rails/engine.rb:522:in `call'
puma (3.9.1) lib/puma/configuration.rb:224:in `call'
puma (3.9.1) lib/puma/server.rb:602:in `handle_request'
puma (3.9.1) lib/puma/server.rb:435:in `process_client'
puma (3.9.1) lib/puma/server.rb:299:in `block in run'
puma (3.9.1) lib/puma/thread_pool.rb:120:in `block in spawn_thread'
Started GET "/users" for 127.0.0.1 at 2017-08-09 15:19:05 -0700
  
ActionController::RoutingError (uninitialized constant UsersController):
  
activesupport (5.1.3) lib/active_support/inflector/methods.rb:269:in `const_get'
activesupport (5.1.3) lib/active_support/inflector/methods.rb:269:in `block in constantize'
activesupport (5.1.3) lib/active_support/inflector/methods.rb:267:in `each'
activesupport (5.1.3) lib/active_support/inflector/methods.rb:267:in `inject'
activesupport (5.1.3) lib/active_support/inflector/methods.rb:267:in `constantize'
actionpack (5.1.3) lib/action_dispatch/http/request.rb:82:in `controller_class'
actionpack (5.1.3) lib/action_dispatch/routing/route_set.rb:43:in `controller'
actionpack (5.1.3) lib/action_dispatch/routing/route_set.rb:29:in `serve'
actionpack (5.1.3) lib/action_dispatch/journey/router.rb:46:in `block in serve'
actionpack (5.1.3) lib/action_dispatch/journey/router.rb:33:in `each'
actionpack (5.1.3) lib/action_dispatch/journey/router.rb:33:in `serve'
actionpack (5.1.3) lib/action_dispatch/routing/route_set.rb:834:in `call'
rack (2.0.3) lib/rack/etag.rb:25:in `call'
rack (2.0.3) lib/rack/conditional_get.rb:25:in `call'
rack (2.0.3) lib/rack/head.rb:12:in `call'
rack (2.0.3) lib/rack/session/abstract/id.rb:232:in `context'
rack (2.0.3) lib/rack/session/abstract/id.rb:226:in `call'
actionpack (5.1.3) lib/action_dispatch/middleware/cookies.rb:613:in `call'
activerecord (5.1.3) lib/active_record/migration.rb:556:in `call'
actionpack (5.1.3) lib/action_dispatch/middleware/callbacks.rb:26:in `block in call'
activesupport (5.1.3) lib/active_support/callbacks.rb:97:in `run_callbacks'
actionpack (5.1.3) lib/action_dispatch/middleware/callbacks.rb:24:in `call'
actionpack (5.1.3) lib/action_dispatch/middleware/executor.rb:12:in `call'
actionpack (5.1.3) lib/action_dispatch/middleware/debug_exceptions.rb:59:in `call'
web-console (3.5.1) lib/web_console/middleware.rb:135:in `call_app'
web-console (3.5.1) lib/web_console/middleware.rb:28:in `block in call'
web-console (3.5.1) lib/web_console/middleware.rb:18:in `catch'
web-console (3.5.1) lib/web_console/middleware.rb:18:in `call'
actionpack (5.1.3) lib/action_dispatch/middleware/show_exceptions.rb:31:in `call'
railties (5.1.3) lib/rails/rack/logger.rb:36:in `call_app'
railties (5.1.3) lib/rails/rack/logger.rb:24:in `block in call'
activesupport (5.1.3) lib/active_support/tagged_logging.rb:69:in `block in tagged'
activesupport (5.1.3) lib/active_support/tagged_logging.rb:26:in `tagged'
activesupport (5.1.3) lib/active_support/tagged_logging.rb:69:in `tagged'
railties (5.1.3) lib/rails/rack/logger.rb:24:in `call'
sprockets-rails (3.2.0) lib/sprockets/rails/quiet_assets.rb:13:in `call'
actionpack (5.1.3) lib/action_dispatch/middleware/remote_ip.rb:79:in `call'
actionpack (5.1.3) lib/action_dispatch/middleware/request_id.rb:25:in `call'
rack (2.0.3) lib/rack/method_override.rb:22:in `call'
rack (2.0.3) lib/rack/runtime.rb:22:in `call'
activesupport (5.1.3) lib/active_support/cache/strategy/local_cache_middleware.rb:27:in `call'
actionpack (5.1.3) lib/action_dispatch/middleware/executor.rb:12:in `call'
actionpack (5.1.3) lib/action_dispatch/middleware/static.rb:125:in `call'
rack (2.0.3) lib/rack/sendfile.rb:111:in `call'
railties (5.1.3) lib/rails/engine.rb:522:in `call'
puma (3.9.1) lib/puma/configuration.rb:224:in `call'
puma (3.9.1) lib/puma/server.rb:602:in `handle_request'
puma (3.9.1) lib/puma/server.rb:435:in `process_client'
puma (3.9.1) lib/puma/server.rb:299:in `block in run'
puma (3.9.1) lib/puma/thread_pool.rb:120:in `block in spawn_thread'
Started GET "/users" for 127.0.0.1 at 2017-08-09 15:19:20 -0700
  
ActionController::RoutingError (uninitialized constant UsersController):
  
activesupport (5.1.3) lib/active_support/inflector/methods.rb:269:in `const_get'
activesupport (5.1.3) lib/active_support/inflector/methods.rb:269:in `block in constantize'
activesupport (5.1.3) lib/active_support/inflector/methods.rb:267:in `each'
activesupport (5.1.3) lib/active_support/inflector/methods.rb:267:in `inject'
activesupport (5.1.3) lib/active_support/inflector/methods.rb:267:in `constantize'
actionpack (5.1.3) lib/action_dispatch/http/request.rb:82:in `controller_class'
actionpack (5.1.3) lib/action_dispatch/routing/route_set.rb:43:in `controller'
actionpack (5.1.3) lib/action_dispatch/routing/route_set.rb:29:in `serve'
actionpack (5.1.3) lib/action_dispatch/journey/router.rb:46:in `block in serve'
actionpack (5.1.3) lib/action_dispatch/journey/router.rb:33:in `each'
actionpack (5.1.3) lib/action_dispatch/journey/router.rb:33:in `serve'
actionpack (5.1.3) lib/action_dispatch/routing/route_set.rb:834:in `call'
rack (2.0.3) lib/rack/etag.rb:25:in `call'
rack (2.0.3) lib/rack/conditional_get.rb:25:in `call'
rack (2.0.3) lib/rack/head.rb:12:in `call'
rack (2.0.3) lib/rack/session/abstract/id.rb:232:in `context'
rack (2.0.3) lib/rack/session/abstract/id.rb:226:in `call'
actionpack (5.1.3) lib/action_dispatch/middleware/cookies.rb:613:in `call'
activerecord (5.1.3) lib/active_record/migration.rb:556:in `call'
actionpack (5.1.3) lib/action_dispatch/middleware/callbacks.rb:26:in `block in call'
activesupport (5.1.3) lib/active_support/callbacks.rb:97:in `run_callbacks'
actionpack (5.1.3) lib/action_dispatch/middleware/callbacks.rb:24:in `call'
actionpack (5.1.3) lib/action_dispatch/middleware/executor.rb:12:in `call'
actionpack (5.1.3) lib/action_dispatch/middleware/debug_exceptions.rb:59:in `call'
web-console (3.5.1) lib/web_console/middleware.rb:135:in `call_app'
web-console (3.5.1) lib/web_console/middleware.rb:28:in `block in call'
web-console (3.5.1) lib/web_console/middleware.rb:18:in `catch'
web-console (3.5.1) lib/web_console/middleware.rb:18:in `call'
actionpack (5.1.3) lib/action_dispatch/middleware/show_exceptions.rb:31:in `call'
railties (5.1.3) lib/rails/rack/logger.rb:36:in `call_app'
railties (5.1.3) lib/rails/rack/logger.rb:24:in `block in call'
activesupport (5.1.3) lib/active_support/tagged_logging.rb:69:in `block in tagged'
activesupport (5.1.3) lib/active_support/tagged_logging.rb:26:in `tagged'
activesupport (5.1.3) lib/active_support/tagged_logging.rb:69:in `tagged'
railties (5.1.3) lib/rails/rack/logger.rb:24:in `call'
sprockets-rails (3.2.0) lib/sprockets/rails/quiet_assets.rb:13:in `call'
actionpack (5.1.3) lib/action_dispatch/middleware/remote_ip.rb:79:in `call'
actionpack (5.1.3) lib/action_dispatch/middleware/request_id.rb:25:in `call'
rack (2.0.3) lib/rack/method_override.rb:22:in `call'
rack (2.0.3) lib/rack/runtime.rb:22:in `call'
activesupport (5.1.3) lib/active_support/cache/strategy/local_cache_middleware.rb:27:in `call'
actionpack (5.1.3) lib/action_dispatch/middleware/executor.rb:12:in `call'
actionpack (5.1.3) lib/action_dispatch/middleware/static.rb:125:in `call'
rack (2.0.3) lib/rack/sendfile.rb:111:in `call'
railties (5.1.3) lib/rails/engine.rb:522:in `call'
puma (3.9.1) lib/puma/configuration.rb:224:in `call'
puma (3.9.1) lib/puma/server.rb:602:in `handle_request'
puma (3.9.1) lib/puma/server.rb:435:in `process_client'
puma (3.9.1) lib/puma/server.rb:299:in `block in run'
puma (3.9.1) lib/puma/thread_pool.rb:120:in `block in spawn_thread'
Started PUT "/__web_console/repl_sessions/fb9bc026e3e068647acbb6e110711e70" for 127.0.0.1 at 2017-08-09 15:21:42 -0700
Started PUT "/__web_console/repl_sessions/fb9bc026e3e068647acbb6e110711e70" for 127.0.0.1 at 2017-08-09 15:21:46 -0700
